-------------------------------------------------------------------------------
Test set: io.swagger.api.TransactionsApiControllerIntegrationTest
-------------------------------------------------------------------------------
Tests run: 2, Failures: 0, Errors: 2, Skipped: 0, Time elapsed: 0.003 s <<< FAILURE! - in io.swagger.api.TransactionsApiControllerIntegrationTest
getTransactionsTest(io.swagger.api.TransactionsApiControllerIntegrationTest)  Time elapsed: 0 s  <<< ERROR!
java.lang.NullPointerException
	at io.swagger.api.TransactionsApiControllerIntegrationTest.getTransactionsTest(TransactionsApiControllerIntegrationTest.java:38)

createTransactionTest(io.swagger.api.TransactionsApiControllerIntegrationTest)  Time elapsed: 0 s  <<< ERROR!
java.lang.NullPointerException
	at io.swagger.api.TransactionsApiControllerIntegrationTest.createTransactionTest(TransactionsApiControllerIntegrationTest.java:27)

